<?xml version="1.0" encoding="UTF-8"?>
<testng-results skipped="0" failed="0" total="1" passed="1">
  <reporter-output>
  </reporter-output>
  <suite name="UATestScript" duration-ms="259673" started-at="2018-10-02T06:21:15Z" finished-at="2018-10-02T06:25:35Z">
    <groups>
    </groups>
    <test name="TestCase#03 :: Catlog Mendatory Field Validation" duration-ms="259673" started-at="2018-10-02T06:21:15Z" finished-at="2018-10-02T06:25:35Z">
      <class name="com.TestCases.E2E_RegisterdUser">
        <test-method status="PASS" signature="beforeMethod()[pri:0, instance:com.TestCases.E2E_RegisterdUser@f67b76]" name="beforeMethod" is-config="true" duration-ms="69603" started-at="2018-10-02T11:51:15Z" finished-at="2018-10-02T11:52:25Z">
          <reporter-output>
          </reporter-output>
        </test-method> <!-- beforeMethod -->
        <test-method status="PASS" signature="login()[pri:0, instance:com.TestCases.E2E_RegisterdUser@f67b76]" name="login" duration-ms="189890" started-at="2018-10-02T11:52:25Z" finished-at="2018-10-02T11:55:34Z">
          <reporter-output>
          </reporter-output>
        </test-method> <!-- login -->
        <test-method status="PASS" signature="afterMethod()[pri:0, instance:com.TestCases.E2E_RegisterdUser@f67b76]" name="afterMethod" is-config="true" duration-ms="167" started-at="2018-10-02T11:55:34Z" finished-at="2018-10-02T11:55:35Z">
          <reporter-output>
          </reporter-output>
        </test-method> <!-- afterMethod -->
      </class> <!-- com.TestCases.E2E_RegisterdUser -->
    </test> <!-- TestCase#03 :: Catlog Mendatory Field Validation -->
  </suite> <!-- UATestScript -->
</testng-results>
